# JRE version: Java(TM) SE Runtime Environment (8.0_77-b03) (build 1.8.0_77-b03)
# Java VM: Java HotSpot(TM) 64-Bit Server VM (25.77-b03 mixed mode windows-amd64 compressed oops)
Heap:
 PSYoungGen      total 238080K, used 115062K [0x000000076bc00000, 0x000000077c580000, 0x00000007c0000000)
  eden space 223744K, 51% used [0x000000076bc00000,0x0000000772c5d8f8,0x0000000779680000)
  from space 14336K, 0% used [0x0000000779680000,0x0000000779680000,0x000000077a480000)
  to   space 10752K, 0% used [0x000000077a480000,0x000000077a480000,0x000000077af00000)
 ParOldGen       total 158720K, used 30325K [0x00000006c3400000, 0x00000006ccf00000, 0x000000076bc00000)
  object space 158720K, 19% used [0x00000006c3400000,0x00000006c519d788,0x00000006ccf00000)
 Metaspace       used 60834K, capacity 62442K, committed 62744K, reserved 1103872K
  class space    used 8067K, capacity 8383K, committed 8496K, reserved 1048576K
GC Heap History (10 events):
Event: 13.277 GC heap before
{Heap before GC invocations=14 (full 2):
 PSYoungGen      total 145920K, used 136192K [0x000000076bc00000, 0x0000000778f00000, 0x00000007c0000000)
  eden space 136192K, 100% used [0x000000076bc00000,0x0000000774100000,0x0000000774100000)
  from space 9728K, 0% used [0x0000000774100000,0x0000000774100000,0x0000000774a80000)
  to   space 10240K, 0% used [0x0000000778500000,0x0000000778500000,0x0000000778f00000)
 ParOldGen       total 158720K, used 20233K [0x00000006c3400000, 0x00000006ccf00000, 0x000000076bc00000)
  object space 158720K, 12% used [0x00000006c3400000,0x00000006c47c2778,0x00000006ccf00000)
 Metaspace       used 37885K, capacity 39094K, committed 39208K, reserved 1083392K
  class space    used 5062K, capacity 5343K, committed 5424K, reserved 1048576K
Event: 13.290 GC heap after
Heap after GC invocations=14 (full 2):
 PSYoungGen      total 183296K, used 5999K [0x000000076bc00000, 0x0000000778b00000, 0x00000007c0000000)
  eden space 177152K, 0% used [0x000000076bc00000,0x000000076bc00000,0x0000000776900000)
  from space 6144K, 97% used [0x0000000778500000,0x0000000778adbd78,0x0000000778b00000)
  to   space 9728K, 0% used [0x0000000777800000,0x0000000777800000,0x0000000778180000)
 ParOldGen       total 158720K, used 20241K [0x00000006c3400000, 0x00000006ccf00000, 0x000000076bc00000)
  object space 158720K, 12% used [0x00000006c3400000,0x00000006c47c4778,0x00000006ccf00000)
 Metaspace       used 37885K, capacity 39094K, committed 39208K, reserved 1083392K
  class space    used 5062K, capacity 5343K, committed 5424K, reserved 1048576K
}
Event: 15.413 GC heap before
{Heap before GC invocations=15 (full 2):
 PSYoungGen      total 183296K, used 183151K [0x000000076bc00000, 0x0000000778b00000, 0x00000007c0000000)
  eden space 177152K, 100% used [0x000000076bc00000,0x0000000776900000,0x0000000776900000)
  from space 6144K, 97% used [0x0000000778500000,0x0000000778adbd78,0x0000000778b00000)
  to   space 9728K, 0% used [0x0000000777800000,0x0000000777800000,0x0000000778180000)
 ParOldGen       total 158720K, used 20241K [0x00000006c3400000, 0x00000006ccf00000, 0x000000076bc00000)
  object space 158720K, 12% used [0x00000006c3400000,0x00000006c47c4778,0x00000006ccf00000)
 Metaspace       used 43533K, capacity 44812K, committed 45096K, reserved 1089536K
  class space    used 5597K, capacity 5852K, committed 5936K, reserved 1048576K
Event: 15.430 GC heap after
Heap after GC invocations=15 (full 2):
 PSYoungGen      total 202240K, used 9365K [0x000000076bc00000, 0x000000077af00000, 0x00000007c0000000)
  eden space 192512K, 0% used [0x000000076bc00000,0x000000076bc00000,0x0000000777800000)
  from space 9728K, 96% used [0x0000000777800000,0x0000000778125700,0x0000000778180000)
  to   space 10752K, 0% used [0x000000077a480000,0x000000077a480000,0x000000077af00000)
 ParOldGen       total 158720K, used 22633K [0x00000006c3400000, 0x00000006ccf00000, 0x000000076bc00000)
  object space 158720K, 14% used [0x00000006c3400000,0x00000006c4a1a7d8,0x00000006ccf00000)
 Metaspace       used 43533K, capacity 44812K, committed 45096K, reserved 1089536K
  class space    used 5597K, capacity 5852K, committed 5936K, reserved 1048576K
}
Event: 19.189 GC heap before
{Heap before GC invocations=16 (full 2):
 PSYoungGen      total 202240K, used 201877K [0x000000076bc00000, 0x000000077af00000, 0x00000007c0000000)
  eden space 192512K, 100% used [0x000000076bc00000,0x0000000777800000,0x0000000777800000)
  from space 9728K, 96% used [0x0000000777800000,0x0000000778125700,0x0000000778180000)
  to   space 10752K, 0% used [0x000000077a480000,0x000000077a480000,0x000000077af00000)
 ParOldGen       total 158720K, used 22633K [0x00000006c3400000, 0x00000006ccf00000, 0x000000076bc00000)
  object space 158720K, 14% used [0x00000006c3400000,0x00000006c4a1a7d8,0x00000006ccf00000)
 Metaspace       used 53553K, capacity 55028K, committed 55336K, reserved 1097728K
  class space    used 7106K, capacity 7404K, committed 7472K, reserved 1048576K
Event: 19.211 GC heap after
Heap after GC invocations=16 (full 2):
 PSYoungGen      total 234496K, used 10725K [0x000000076bc00000, 0x000000077c580000, 0x00000007c0000000)
  eden space 223744K, 0% used [0x000000076bc00000,0x000000076bc00000,0x0000000779680000)
  from space 10752K, 99% used [0x000000077a480000,0x000000077aef96b0,0x000000077af00000)
  to   space 14336K, 0% used [0x0000000779680000,0x0000000779680000,0x000000077a480000)
 ParOldGen       total 158720K, used 29878K [0x00000006c3400000, 0x00000006ccf00000, 0x000000076bc00000)
  object space 158720K, 18% used [0x00000006c3400000,0x00000006c512db20,0x00000006ccf00000)
 Metaspace       used 53553K, capacity 55028K, committed 55336K, reserved 1097728K
  class space    used 7106K, capacity 7404K, committed 7472K, reserved 1048576K
}
Event: 20.581 GC heap before
{Heap before GC invocations=17 (full 2):
 PSYoungGen      total 234496K, used 124052K [0x000000076bc00000, 0x000000077c580000, 0x00000007c0000000)
  eden space 223744K, 50% used [0x000000076bc00000,0x0000000772aab980,0x0000000779680000)
  from space 10752K, 99% used [0x000000077a480000,0x000000077aef96b0,0x000000077af00000)
  to   space 14336K, 0% used [0x0000000779680000,0x0000000779680000,0x000000077a480000)
 ParOldGen       total 158720K, used 29878K [0x00000006c3400000, 0x00000006ccf00000, 0x000000076bc00000)
  object space 158720K, 18% used [0x00000006c3400000,0x00000006c512db20,0x00000006ccf00000)
 Metaspace       used 57482K, capacity 58880K, committed 59160K, reserved 1099776K
  class space    used 7628K, capacity 7910K, committed 7984K, reserved 1048576K
Event: 20.609 GC heap after
Heap after GC invocations=17 (full 2):
 PSYoungGen      total 238080K, used 4945K [0x000000076bc00000, 0x000000077c580000, 0x00000007c0000000)
  eden space 223744K, 0% used [0x000000076bc00000,0x000000076bc00000,0x0000000779680000)
  from space 14336K, 34% used [0x0000000779680000,0x0000000779b547f0,0x000000077a480000)
  to   space 10752K, 0% used [0x000000077a480000,0x000000077a480000,0x000000077af00000)
 ParOldGen       total 158720K, used 37719K [0x00000006c3400000, 0x00000006ccf00000, 0x000000076bc00000)
  object space 158720K, 23% used [0x00000006c3400000,0x00000006c58d5d08,0x00000006ccf00000)
 Metaspace       used 57482K, capacity 58880K, committed 59160K, reserved 1099776K
  class space    used 7628K, capacity 7910K, committed 7984K, reserved 1048576K
}
Event: 20.609 GC heap before
{Heap before GC invocations=18 (full 3):
 PSYoungGen      total 238080K, used 4945K [0x000000076bc00000, 0x000000077c580000, 0x00000007c0000000)
  eden space 223744K, 0% used [0x000000076bc00000,0x000000076bc00000,0x0000000779680000)
  from space 14336K, 34% used [0x0000000779680000,0x0000000779b547f0,0x000000077a480000)
  to   space 10752K, 0% used [0x000000077a480000,0x000000077a480000,0x000000077af00000)
 ParOldGen       total 158720K, used 37719K [0x00000006c3400000, 0x00000006ccf00000, 0x000000076bc00000)
  object space 158720K, 23% used [0x00000006c3400000,0x00000006c58d5d08,0x00000006ccf00000)
 Metaspace       used 57482K, capacity 58880K, committed 59160K, reserved 1099776K
  class space    used 7628K, capacity 7910K, committed 7984K, reserved 1048576K
Event: 20.916 GC heap after
Heap after GC invocations=18 (full 3):
 PSYoungGen      total 238080K, used 0K [0x000000076bc00000, 0x000000077c580000, 0x00000007c0000000)
  eden space 223744K, 0% used [0x000000076bc00000,0x000000076bc00000,0x0000000779680000)
  from space 14336K, 0% used [0x0000000779680000,0x0000000779680000,0x000000077a480000)
  to   space 10752K, 0% used [0x000000077a480000,0x000000077a480000,0x000000077af00000)
 ParOldGen       total 158720K, used 30325K [0x00000006c3400000, 0x00000006ccf00000, 0x000000076bc00000)
  object space 158720K, 19% used [0x00000006c3400000,0x00000006c519d788,0x00000006ccf00000)
 Metaspace       used 57482K, capacity 58880K, committed 59160K, reserved 1099776K
  class space    used 7628K, capacity 7910K, committed 7984K, reserved 1048576K
}

